<?xml version="1.0" encoding="UTF-8"?>
<robot generator="Robot 7.3.2 (Python 3.12.2 on win32)" generated="2026-01-02T21:40:44.997439" rpa="false" schemaversion="5">
<suite id="s1" name="Test Lab4" source="D:\Software_Engineer\SE_lab4\test_lab4.robot">
<test id="s1-t1" name="Register Success:" line="16">
<kw name="Open Browser" owner="SeleniumLibrary">
<msg time="2026-01-02T21:40:45.556673" level="INFO">Opening browser 'Chrome' to base url 'http://www.google.com'.</msg>
<arg>${HOMEPAGE}</arg>
<arg>${BROWSER}</arg>
<doc>Opens a new browser instance to the optional ``url``.</doc>
<status status="PASS" start="2026-01-02T21:40:45.556673" elapsed="3.262195"/>
</kw>
<kw name="Go To" owner="SeleniumLibrary">
<msg time="2026-01-02T21:40:48.820091" level="INFO">Opening url 'http://localhost:7272/Registration.html'</msg>
<arg>${REG_URL}</arg>
<doc>Navigates the current browser window to the provided ``url``.</doc>
<status status="PASS" start="2026-01-02T21:40:48.820091" elapsed="0.346644"/>
</kw>
<kw name="Input Text" owner="SeleniumLibrary">
<msg time="2026-01-02T21:40:49.168882" level="INFO">Typing text 'Somyod' into text field 'id=firstname'.</msg>
<arg>id=firstname</arg>
<arg>${FIRST_NAME}</arg>
<doc>Types the given ``text`` into the text field identified by ``locator``.</doc>
<status status="PASS" start="2026-01-02T21:40:49.167858" elapsed="0.146213"/>
</kw>
<kw name="Input Text" owner="SeleniumLibrary">
<msg time="2026-01-02T21:40:49.315102" level="INFO">Typing text 'Sodsai' into text field 'id=lastname'.</msg>
<arg>id=lastname</arg>
<arg>${LAST_NAME}</arg>
<doc>Types the given ``text`` into the text field identified by ``locator``.</doc>
<status status="PASS" start="2026-01-02T21:40:49.315102" elapsed="0.116288"/>
</kw>
<kw name="Input Text" owner="SeleniumLibrary">
<msg time="2026-01-02T21:40:49.432601" level="INFO">Typing text 'CS KKU' into text field 'id=organization'.</msg>
<arg>id=organization</arg>
<arg>${ORG}</arg>
<doc>Types the given ``text`` into the text field identified by ``locator``.</doc>
<status status="PASS" start="2026-01-02T21:40:49.432601" elapsed="0.113642"/>
</kw>
<kw name="Input Text" owner="SeleniumLibrary">
<msg time="2026-01-02T21:40:49.547286" level="INFO">Typing text 'somyod@kkumail.com' into text field 'id=email'.</msg>
<arg>id=email</arg>
<arg>${EMAIL}</arg>
<doc>Types the given ``text`` into the text field identified by ``locator``.</doc>
<status status="PASS" start="2026-01-02T21:40:49.546243" elapsed="0.122310"/>
</kw>
<kw name="Input Text" owner="SeleniumLibrary">
<msg time="2026-01-02T21:40:49.669755" level="INFO">Typing text '091-001-1234' into text field 'id=phone'.</msg>
<arg>id=phone</arg>
<arg>${PHONE}</arg>
<doc>Types the given ``text`` into the text field identified by ``locator``.</doc>
<status status="PASS" start="2026-01-02T21:40:49.668553" elapsed="0.121374"/>
</kw>
<kw name="Click Button" owner="SeleniumLibrary">
<msg time="2026-01-02T21:40:49.791697" level="INFO">Clicking button 'id=registerButton'.</msg>
<arg>id=registerButton</arg>
<doc>Clicks the button identified by ``locator``.</doc>
<status status="PASS" start="2026-01-02T21:40:49.790925" elapsed="0.160746"/>
</kw>
<kw name="Get Title" owner="SeleniumLibrary">
<msg time="2026-01-02T21:40:49.960806" level="INFO">${title} = Success</msg>
<var>${title}</var>
<doc>Returns the title of the current page.</doc>
<status status="PASS" start="2026-01-02T21:40:49.952726" elapsed="0.008080"/>
</kw>
<kw name="Should Be Equal" owner="BuiltIn">
<arg>${title}</arg>
<arg>Success</arg>
<doc>Fails if the given objects are unequal.</doc>
<status status="PASS" start="2026-01-02T21:40:49.960806" elapsed="0.001026"/>
</kw>
<kw name="Wait Until Page Contains" owner="SeleniumLibrary">
<arg>Thank you for registering with us.</arg>
<doc>Waits until ``text`` appears on the current page.</doc>
<status status="PASS" start="2026-01-02T21:40:49.961832" elapsed="0.014528"/>
</kw>
<kw name="Wait Until Page Contains" owner="SeleniumLibrary">
<arg>We will send a confirmation to your email soon.</arg>
<doc>Waits until ``text`` appears on the current page.</doc>
<status status="PASS" start="2026-01-02T21:40:49.977393" elapsed="0.014584"/>
</kw>
<kw name="Close Browser" owner="SeleniumLibrary">
<doc>Closes the current browser.</doc>
<status status="PASS" start="2026-01-02T21:40:49.991977" elapsed="2.167503"/>
</kw>
<status status="PASS" start="2026-01-02T21:40:45.555672" elapsed="6.604808"/>
</test>
<test id="s1-t2" name="Register Success No Organization Info:" line="34">
<kw name="Open Browser" owner="SeleniumLibrary">
<msg time="2026-01-02T21:40:52.162487" level="INFO">Opening browser 'Chrome' to base url 'http://www.google.com'.</msg>
<arg>${HOMEPAGE}</arg>
<arg>${BROWSER}</arg>
<doc>Opens a new browser instance to the optional ``url``.</doc>
<status status="PASS" start="2026-01-02T21:40:52.162487" elapsed="3.077542"/>
</kw>
<kw name="Go To" owner="SeleniumLibrary">
<msg time="2026-01-02T21:40:55.241097" level="INFO">Opening url 'http://localhost:7272/Registration.html'</msg>
<arg>${REG_URL}</arg>
<doc>Navigates the current browser window to the provided ``url``.</doc>
<status status="PASS" start="2026-01-02T21:40:55.240029" elapsed="0.354514"/>
</kw>
<kw name="Input Text" owner="SeleniumLibrary">
<msg time="2026-01-02T21:40:55.595540" level="INFO">Typing text 'Somyod' into text field 'id=firstname'.</msg>
<arg>id=firstname</arg>
<arg>${FIRST_NAME}</arg>
<doc>Types the given ``text`` into the text field identified by ``locator``.</doc>
<status status="PASS" start="2026-01-02T21:40:55.595540" elapsed="0.140702"/>
</kw>
<kw name="Input Text" owner="SeleniumLibrary">
<msg time="2026-01-02T21:40:55.737108" level="INFO">Typing text 'Sodsai' into text field 'id=lastname'.</msg>
<arg>id=lastname</arg>
<arg>${LAST_NAME}</arg>
<doc>Types the given ``text`` into the text field identified by ``locator``.</doc>
<status status="PASS" start="2026-01-02T21:40:55.736242" elapsed="0.108603"/>
</kw>
<kw name="Input Text" owner="SeleniumLibrary">
<msg time="2026-01-02T21:40:55.845833" level="INFO">Typing text 'somyod@kkumail.com' into text field 'id=email'.</msg>
<arg>id=email</arg>
<arg>${EMAIL}</arg>
<doc>Types the given ``text`` into the text field identified by ``locator``.</doc>
<status status="PASS" start="2026-01-02T21:40:55.845833" elapsed="0.130161"/>
</kw>
<kw name="Input Text" owner="SeleniumLibrary">
<msg time="2026-01-02T21:40:55.977446" level="INFO">Typing text '091-001-1234' into text field 'id=phone'.</msg>
<arg>id=phone</arg>
<arg>${PHONE}</arg>
<doc>Types the given ``text`` into the text field identified by ``locator``.</doc>
<status status="PASS" start="2026-01-02T21:40:55.977446" elapsed="0.126026"/>
</kw>
<kw name="Click Button" owner="SeleniumLibrary">
<msg time="2026-01-02T21:40:56.104474" level="INFO">Clicking button 'id=registerButton'.</msg>
<arg>id=registerButton</arg>
<doc>Clicks the button identified by ``locator``.</doc>
<status status="PASS" start="2026-01-02T21:40:56.103472" elapsed="0.167690"/>
</kw>
<kw name="Get Title" owner="SeleniumLibrary">
<msg time="2026-01-02T21:40:56.281325" level="INFO">${title} = Success</msg>
<var>${title}</var>
<doc>Returns the title of the current page.</doc>
<status status="PASS" start="2026-01-02T21:40:56.272178" elapsed="0.009147"/>
</kw>
<kw name="Should Be Equal" owner="BuiltIn">
<arg>${title}</arg>
<arg>Success</arg>
<doc>Fails if the given objects are unequal.</doc>
<status status="PASS" start="2026-01-02T21:40:56.281325" elapsed="0.000000"/>
</kw>
<kw name="Wait Until Page Contains" owner="SeleniumLibrary">
<arg>Thank you for registering with us.</arg>
<doc>Waits until ``text`` appears on the current page.</doc>
<status status="PASS" start="2026-01-02T21:40:56.282608" elapsed="0.016655"/>
</kw>
<kw name="Wait Until Page Contains" owner="SeleniumLibrary">
<arg>We will send a confirmation to your email soon.</arg>
<doc>Waits until ``text`` appears on the current page.</doc>
<status status="PASS" start="2026-01-02T21:40:56.299263" elapsed="0.015051"/>
</kw>
<kw name="Close Browser" owner="SeleniumLibrary">
<doc>Closes the current browser.</doc>
<status status="PASS" start="2026-01-02T21:40:56.314314" elapsed="2.183628"/>
</kw>
<status status="PASS" start="2026-01-02T21:40:52.161469" elapsed="6.337479"/>
</test>
<test id="s1-t3" name="Empty First Name:" line="51">
<kw name="Open Browser" owner="SeleniumLibrary">
<msg time="2026-01-02T21:40:58.501330" level="INFO">Opening browser 'Chrome' to base url 'http://www.google.com'.</msg>
<arg>${HOMEPAGE}</arg>
<arg>${BROWSER}</arg>
<doc>Opens a new browser instance to the optional ``url``.</doc>
<status status="PASS" start="2026-01-02T21:40:58.501330" elapsed="3.510004"/>
</kw>
<kw name="Go To" owner="SeleniumLibrary">
<msg time="2026-01-02T21:41:02.013332" level="INFO">Opening url 'http://localhost:7272/Registration.html'</msg>
<arg>${REG_URL}</arg>
<doc>Navigates the current browser window to the provided ``url``.</doc>
<status status="PASS" start="2026-01-02T21:41:02.012337" elapsed="0.369518"/>
</kw>
<kw name="Input Text" owner="SeleniumLibrary">
<msg time="2026-01-02T21:41:02.382863" level="INFO">Typing text 'Sodsai' into text field 'id=lastname'.</msg>
<arg>id=lastname</arg>
<arg>${LAST_NAME}</arg>
<doc>Types the given ``text`` into the text field identified by ``locator``.</doc>
<status status="PASS" start="2026-01-02T21:41:02.381855" elapsed="0.256777"/>
</kw>
<kw name="Input Text" owner="SeleniumLibrary">
<msg time="2026-01-02T21:41:02.639650" level="INFO">Typing text 'CS KKU' into text field 'id=organization'.</msg>
<arg>id=organization</arg>
<arg>${ORG}</arg>
<doc>Types the given ``text`` into the text field identified by ``locator``.</doc>
<status status="PASS" start="2026-01-02T21:41:02.639650" elapsed="0.187646"/>
</kw>
<kw name="Input Text" owner="SeleniumLibrary">
<msg time="2026-01-02T21:41:02.828312" level="INFO">Typing text 'somyod@kkumail.com' into text field 'id=email'.</msg>
<arg>id=email</arg>
<arg>${EMAIL}</arg>
<doc>Types the given ``text`` into the text field identified by ``locator``.</doc>
<status status="PASS" start="2026-01-02T21:41:02.827296" elapsed="0.201355"/>
</kw>
<kw name="Input Text" owner="SeleniumLibrary">
<msg time="2026-01-02T21:41:03.029577" level="INFO">Typing text '091-001-1234' into text field 'id=phone'.</msg>
<arg>id=phone</arg>
<arg>${PHONE}</arg>
<doc>Types the given ``text`` into the text field identified by ``locator``.</doc>
<status status="PASS" start="2026-01-02T21:41:03.028651" elapsed="0.148712"/>
</kw>
<kw name="Click Button" owner="SeleniumLibrary">
<msg time="2026-01-02T21:41:03.178414" level="INFO">Clicking button 'id=registerButton'.</msg>
<arg>id=registerButton</arg>
<doc>Clicks the button identified by ``locator``.</doc>
<status status="PASS" start="2026-01-02T21:41:03.177363" elapsed="0.139128"/>
</kw>
<kw name="Get Title" owner="SeleniumLibrary">
<msg time="2026-01-02T21:41:03.328044" level="INFO">${title} = Registration</msg>
<var>${title}</var>
<doc>Returns the title of the current page.</doc>
<status status="PASS" start="2026-01-02T21:41:03.317188" elapsed="0.010856"/>
</kw>
<kw name="Should Be Equal" owner="BuiltIn">
<arg>${title}</arg>
<arg>Registration</arg>
<doc>Fails if the given objects are unequal.</doc>
<status status="PASS" start="2026-01-02T21:41:03.328044" elapsed="0.000999"/>
</kw>
<kw name="Wait Until Page Contains" owner="SeleniumLibrary">
<arg>Please enter your first name!!</arg>
<doc>Waits until ``text`` appears on the current page.</doc>
<status status="PASS" start="2026-01-02T21:41:03.330045" elapsed="0.045206"/>
</kw>
<kw name="Close Browser" owner="SeleniumLibrary">
<doc>Closes the current browser.</doc>
<status status="PASS" start="2026-01-02T21:41:03.376306" elapsed="2.374715"/>
</kw>
<status status="PASS" start="2026-01-02T21:40:58.500053" elapsed="7.251975"/>
</test>
<test id="s1-t4" name="Empty Last Name:" line="67">
<kw name="Open Browser" owner="SeleniumLibrary">
<msg time="2026-01-02T21:41:05.753556" level="INFO">Opening browser 'Chrome' to base url 'http://www.google.com'.</msg>
<arg>${HOMEPAGE}</arg>
<arg>${BROWSER}</arg>
<doc>Opens a new browser instance to the optional ``url``.</doc>
<status status="PASS" start="2026-01-02T21:41:05.753556" elapsed="2.716918"/>
</kw>
<kw name="Go To" owner="SeleniumLibrary">
<msg time="2026-01-02T21:41:08.471523" level="INFO">Opening url 'http://localhost:7272/Registration.html'</msg>
<arg>${REG_URL}</arg>
<doc>Navigates the current browser window to the provided ``url``.</doc>
<status status="PASS" start="2026-01-02T21:41:08.470474" elapsed="0.346198"/>
</kw>
<kw name="Input Text" owner="SeleniumLibrary">
<msg time="2026-01-02T21:41:08.818687" level="INFO">Typing text 'Somyod' into text field 'id=firstname'.</msg>
<arg>id=firstname</arg>
<arg>${FIRST_NAME}</arg>
<doc>Types the given ``text`` into the text field identified by ``locator``.</doc>
<status status="PASS" start="2026-01-02T21:41:08.817684" elapsed="0.120357"/>
</kw>
<kw name="Input Text" owner="SeleniumLibrary">
<msg time="2026-01-02T21:41:08.939092" level="INFO">Typing text 'CS KKU' into text field 'id=organization'.</msg>
<arg>id=organization</arg>
<arg>${ORG}</arg>
<doc>Types the given ``text`` into the text field identified by ``locator``.</doc>
<status status="PASS" start="2026-01-02T21:41:08.938041" elapsed="0.086892"/>
</kw>
<kw name="Input Text" owner="SeleniumLibrary">
<msg time="2026-01-02T21:41:09.024933" level="INFO">Typing text 'somyod@kkumail.com' into text field 'id=email'.</msg>
<arg>id=email</arg>
<arg>${EMAIL}</arg>
<doc>Types the given ``text`` into the text field identified by ``locator``.</doc>
<status status="PASS" start="2026-01-02T21:41:09.024933" elapsed="0.100959"/>
</kw>
<kw name="Input Text" owner="SeleniumLibrary">
<msg time="2026-01-02T21:41:09.126935" level="INFO">Typing text '091-001-1234' into text field 'id=phone'.</msg>
<arg>id=phone</arg>
<arg>${PHONE}</arg>
<doc>Types the given ``text`` into the text field identified by ``locator``.</doc>
<status status="PASS" start="2026-01-02T21:41:09.126935" elapsed="0.099646"/>
</kw>
<kw name="Click Button" owner="SeleniumLibrary">
<msg time="2026-01-02T21:41:09.226581" level="INFO">Clicking button 'id=registerButton'.</msg>
<arg>id=registerButton</arg>
<doc>Clicks the button identified by ``locator``.</doc>
<status status="PASS" start="2026-01-02T21:41:09.226581" elapsed="0.087858"/>
</kw>
<kw name="Get Title" owner="SeleniumLibrary">
<msg time="2026-01-02T21:41:09.320361" level="INFO">${title} = Registration</msg>
<var>${title}</var>
<doc>Returns the title of the current page.</doc>
<status status="PASS" start="2026-01-02T21:41:09.314439" elapsed="0.005922"/>
</kw>
<kw name="Should Be Equal" owner="BuiltIn">
<arg>${title}</arg>
<arg>Registration</arg>
<doc>Fails if the given objects are unequal.</doc>
<status status="PASS" start="2026-01-02T21:41:09.320361" elapsed="0.001027"/>
</kw>
<kw name="Wait Until Page Contains" owner="SeleniumLibrary">
<arg>Please enter your last name!!</arg>
<doc>Waits until ``text`` appears on the current page.</doc>
<status status="PASS" start="2026-01-02T21:41:09.321388" elapsed="0.011877"/>
</kw>
<kw name="Close Browser" owner="SeleniumLibrary">
<doc>Closes the current browser.</doc>
<status status="PASS" start="2026-01-02T21:41:09.333265" elapsed="2.190060"/>
</kw>
<status status="PASS" start="2026-01-02T21:41:05.752537" elapsed="5.772171"/>
</test>
<test id="s1-t5" name="Empty First Name and Last Name:" line="83">
<kw name="Open Browser" owner="SeleniumLibrary">
<msg time="2026-01-02T21:41:11.526956" level="INFO">Opening browser 'Chrome' to base url 'http://www.google.com'.</msg>
<arg>${HOMEPAGE}</arg>
<arg>${BROWSER}</arg>
<doc>Opens a new browser instance to the optional ``url``.</doc>
<status status="PASS" start="2026-01-02T21:41:11.526956" elapsed="3.003020"/>
</kw>
<kw name="Go To" owner="SeleniumLibrary">
<msg time="2026-01-02T21:41:14.530993" level="INFO">Opening url 'http://localhost:7272/Registration.html'</msg>
<arg>${REG_URL}</arg>
<doc>Navigates the current browser window to the provided ``url``.</doc>
<status status="PASS" start="2026-01-02T21:41:14.530993" elapsed="0.363090"/>
</kw>
<kw name="Input Text" owner="SeleniumLibrary">
<msg time="2026-01-02T21:41:14.896308" level="INFO">Typing text 'CS KKU' into text field 'id=organization'.</msg>
<arg>id=organization</arg>
<arg>${ORG}</arg>
<doc>Types the given ``text`` into the text field identified by ``locator``.</doc>
<status status="PASS" start="2026-01-02T21:41:14.895183" elapsed="0.155962"/>
</kw>
<kw name="Input Text" owner="SeleniumLibrary">
<msg time="2026-01-02T21:41:15.052217" level="INFO">Typing text 'somyod@kkumail.com' into text field 'id=email'.</msg>
<arg>id=email</arg>
<arg>${EMAIL}</arg>
<doc>Types the given ``text`` into the text field identified by ``locator``.</doc>
<status status="PASS" start="2026-01-02T21:41:15.052217" elapsed="0.151660"/>
</kw>
<kw name="Input Text" owner="SeleniumLibrary">
<msg time="2026-01-02T21:41:15.203877" level="INFO">Typing text '091-001-1234' into text field 'id=phone'.</msg>
<arg>id=phone</arg>
<arg>${PHONE}</arg>
<doc>Types the given ``text`` into the text field identified by ``locator``.</doc>
<status status="PASS" start="2026-01-02T21:41:15.203877" elapsed="0.138507"/>
</kw>
<kw name="Click Button" owner="SeleniumLibrary">
<msg time="2026-01-02T21:41:15.343668" level="INFO">Clicking button 'id=registerButton'.</msg>
<arg>id=registerButton</arg>
<doc>Clicks the button identified by ``locator``.</doc>
<status status="PASS" start="2026-01-02T21:41:15.343668" elapsed="0.118668"/>
</kw>
<kw name="Get Title" owner="SeleniumLibrary">
<msg time="2026-01-02T21:41:15.470437" level="INFO">${title} = Registration</msg>
<var>${title}</var>
<doc>Returns the title of the current page.</doc>
<status status="PASS" start="2026-01-02T21:41:15.462336" elapsed="0.008101"/>
</kw>
<kw name="Should Be Equal" owner="BuiltIn">
<arg>${title}</arg>
<arg>Registration</arg>
<doc>Fails if the given objects are unequal.</doc>
<status status="PASS" start="2026-01-02T21:41:15.471482" elapsed="0.000000"/>
</kw>
<kw name="Wait Until Page Contains" owner="SeleniumLibrary">
<arg>Please enter your name!!</arg>
<doc>Waits until ``text`` appears on the current page.</doc>
<status status="PASS" start="2026-01-02T21:41:15.471482" elapsed="0.018349"/>
</kw>
<kw name="Close Browser" owner="SeleniumLibrary">
<doc>Closes the current browser.</doc>
<status status="PASS" start="2026-01-02T21:41:15.489831" elapsed="2.201982"/>
</kw>
<status status="PASS" start="2026-01-02T21:41:11.525817" elapsed="6.167132"/>
</test>
<test id="s1-t6" name="Empty Email:" line="98">
<kw name="Open Browser" owner="SeleniumLibrary">
<msg time="2026-01-02T21:41:17.696266" level="INFO">Opening browser 'Chrome' to base url 'http://www.google.com'.</msg>
<arg>${HOMEPAGE}</arg>
<arg>${BROWSER}</arg>
<doc>Opens a new browser instance to the optional ``url``.</doc>
<status status="PASS" start="2026-01-02T21:41:17.696266" elapsed="3.031158"/>
</kw>
<kw name="Go To" owner="SeleniumLibrary">
<msg time="2026-01-02T21:41:20.728823" level="INFO">Opening url 'http://localhost:7272/Registration.html'</msg>
<arg>${REG_URL}</arg>
<doc>Navigates the current browser window to the provided ``url``.</doc>
<status status="PASS" start="2026-01-02T21:41:20.728823" elapsed="0.366322"/>
</kw>
<kw name="Input Text" owner="SeleniumLibrary">
<msg time="2026-01-02T21:41:21.097137" level="INFO">Typing text 'Somyod' into text field 'id=firstname'.</msg>
<arg>id=firstname</arg>
<arg>${FIRST_NAME}</arg>
<doc>Types the given ``text`` into the text field identified by ``locator``.</doc>
<status status="PASS" start="2026-01-02T21:41:21.097137" elapsed="0.201166"/>
</kw>
<kw name="Input Text" owner="SeleniumLibrary">
<msg time="2026-01-02T21:41:21.299407" level="INFO">Typing text 'Sodsai' into text field 'id=lastname'.</msg>
<arg>id=lastname</arg>
<arg>${LAST_NAME}</arg>
<doc>Types the given ``text`` into the text field identified by ``locator``.</doc>
<status status="PASS" start="2026-01-02T21:41:21.298303" elapsed="0.127662"/>
</kw>
<kw name="Input Text" owner="SeleniumLibrary">
<msg time="2026-01-02T21:41:21.427431" level="INFO">Typing text 'CS KKU' into text field 'id=organization'.</msg>
<arg>id=organization</arg>
<arg>${ORG}</arg>
<doc>Types the given ``text`` into the text field identified by ``locator``.</doc>
<status status="PASS" start="2026-01-02T21:41:21.425965" elapsed="0.144609"/>
</kw>
<kw name="Input Text" owner="SeleniumLibrary">
<msg time="2026-01-02T21:41:21.570574" level="INFO">Typing text '091-001-1234' into text field 'id=phone'.</msg>
<arg>id=phone</arg>
<arg>${PHONE}</arg>
<doc>Types the given ``text`` into the text field identified by ``locator``.</doc>
<status status="PASS" start="2026-01-02T21:41:21.570574" elapsed="0.140638"/>
</kw>
<kw name="Click Button" owner="SeleniumLibrary">
<msg time="2026-01-02T21:41:21.712228" level="INFO">Clicking button 'id=registerButton'.</msg>
<arg>id=registerButton</arg>
<doc>Clicks the button identified by ``locator``.</doc>
<status status="PASS" start="2026-01-02T21:41:21.712228" elapsed="0.151379"/>
</kw>
<kw name="Get Title" owner="SeleniumLibrary">
<msg time="2026-01-02T21:41:21.873217" level="INFO">${title} = Registration</msg>
<var>${title}</var>
<doc>Returns the title of the current page.</doc>
<status status="PASS" start="2026-01-02T21:41:21.864670" elapsed="0.008547"/>
</kw>
<kw name="Should Be Equal" owner="BuiltIn">
<arg>${title}</arg>
<arg>Registration</arg>
<doc>Fails if the given objects are unequal.</doc>
<status status="PASS" start="2026-01-02T21:41:21.873545" elapsed="0.000000"/>
</kw>
<kw name="Wait Until Page Contains" owner="SeleniumLibrary">
<arg>Please enter your email!!</arg>
<doc>Waits until ``text`` appears on the current page.</doc>
<status status="PASS" start="2026-01-02T21:41:21.874700" elapsed="0.016387"/>
</kw>
<kw name="Close Browser" owner="SeleniumLibrary">
<doc>Closes the current browser.</doc>
<status status="PASS" start="2026-01-02T21:41:21.892423" elapsed="2.219034"/>
</kw>
<status status="PASS" start="2026-01-02T21:41:17.694284" elapsed="6.418258"/>
</test>
<test id="s1-t7" name="Empty Phone Number:" line="114">
<kw name="Open Browser" owner="SeleniumLibrary">
<msg time="2026-01-02T21:41:24.114810" level="INFO">Opening browser 'Chrome' to base url 'http://www.google.com'.</msg>
<arg>${HOMEPAGE}</arg>
<arg>${BROWSER}</arg>
<doc>Opens a new browser instance to the optional ``url``.</doc>
<status status="PASS" start="2026-01-02T21:41:24.114810" elapsed="2.933197"/>
</kw>
<kw name="Go To" owner="SeleniumLibrary">
<msg time="2026-01-02T21:41:27.050078" level="INFO">Opening url 'http://localhost:7272/Registration.html'</msg>
<arg>${REG_URL}</arg>
<doc>Navigates the current browser window to the provided ``url``.</doc>
<status status="PASS" start="2026-01-02T21:41:27.049029" elapsed="0.374580"/>
</kw>
<kw name="Input Text" owner="SeleniumLibrary">
<msg time="2026-01-02T21:41:27.426210" level="INFO">Typing text 'Somyod' into text field 'id=firstname'.</msg>
<arg>id=firstname</arg>
<arg>${FIRST_NAME}</arg>
<doc>Types the given ``text`` into the text field identified by ``locator``.</doc>
<status status="PASS" start="2026-01-02T21:41:27.424752" elapsed="0.168166"/>
</kw>
<kw name="Input Text" owner="SeleniumLibrary">
<msg time="2026-01-02T21:41:27.593936" level="INFO">Typing text 'Sodsai' into text field 'id=lastname'.</msg>
<arg>id=lastname</arg>
<arg>${LAST_NAME}</arg>
<doc>Types the given ``text`` into the text field identified by ``locator``.</doc>
<status status="PASS" start="2026-01-02T21:41:27.592918" elapsed="0.121288"/>
</kw>
<kw name="Input Text" owner="SeleniumLibrary">
<msg time="2026-01-02T21:41:27.715238" level="INFO">Typing text 'CS KKU' into text field 'id=organization'.</msg>
<arg>id=organization</arg>
<arg>${ORG}</arg>
<doc>Types the given ``text`` into the text field identified by ``locator``.</doc>
<status status="PASS" start="2026-01-02T21:41:27.715238" elapsed="0.142005"/>
</kw>
<kw name="Input Text" owner="SeleniumLibrary">
<msg time="2026-01-02T21:41:27.858296" level="INFO">Typing text 'somyod@kkumail.com' into text field 'id=email'.</msg>
<arg>id=email</arg>
<arg>${EMAIL}</arg>
<doc>Types the given ``text`` into the text field identified by ``locator``.</doc>
<status status="PASS" start="2026-01-02T21:41:27.858296" elapsed="0.168582"/>
</kw>
<kw name="Click Button" owner="SeleniumLibrary">
<msg time="2026-01-02T21:41:28.027919" level="INFO">Clicking button 'id=registerButton'.</msg>
<arg>id=registerButton</arg>
<doc>Clicks the button identified by ``locator``.</doc>
<status status="PASS" start="2026-01-02T21:41:28.027919" elapsed="0.121608"/>
</kw>
<kw name="Get Title" owner="SeleniumLibrary">
<msg time="2026-01-02T21:41:28.158334" level="INFO">${title} = Registration</msg>
<var>${title}</var>
<doc>Returns the title of the current page.</doc>
<status status="PASS" start="2026-01-02T21:41:28.150587" elapsed="0.007747"/>
</kw>
<kw name="Should Be Equal" owner="BuiltIn">
<arg>${title}</arg>
<arg>Registration</arg>
<doc>Fails if the given objects are unequal.</doc>
<status status="PASS" start="2026-01-02T21:41:28.159485" elapsed="0.000000"/>
</kw>
<kw name="Wait Until Page Contains" owner="SeleniumLibrary">
<arg>Please enter your email!!</arg>
<doc>Waits until ``text`` appears on the current page.</doc>
<status status="PASS" start="2026-01-02T21:41:28.160615" elapsed="0.015991"/>
</kw>
<kw name="Close Browser" owner="SeleniumLibrary">
<doc>Closes the current browser.</doc>
<status status="PASS" start="2026-01-02T21:41:28.176606" elapsed="2.184430"/>
</kw>
<status status="PASS" start="2026-01-02T21:41:24.114810" elapsed="6.247306"/>
</test>
<test id="s1-t8" name="Invalid Phone Number:" line="130">
<kw name="Open Browser" owner="SeleniumLibrary">
<msg time="2026-01-02T21:41:30.365430" level="INFO">Opening browser 'Chrome' to base url 'http://www.google.com'.</msg>
<arg>${HOMEPAGE}</arg>
<arg>${BROWSER}</arg>
<doc>Opens a new browser instance to the optional ``url``.</doc>
<status status="PASS" start="2026-01-02T21:41:30.365430" elapsed="3.496028"/>
</kw>
<kw name="Go To" owner="SeleniumLibrary">
<msg time="2026-01-02T21:41:33.863885" level="INFO">Opening url 'http://localhost:7272/Registration.html'</msg>
<arg>${REG_URL}</arg>
<doc>Navigates the current browser window to the provided ``url``.</doc>
<status status="PASS" start="2026-01-02T21:41:33.862890" elapsed="0.370077"/>
</kw>
<kw name="Input Text" owner="SeleniumLibrary">
<msg time="2026-01-02T21:41:34.233995" level="INFO">Typing text 'Somyod' into text field 'id=firstname'.</msg>
<arg>id=firstname</arg>
<arg>${FIRST_NAME}</arg>
<doc>Types the given ``text`` into the text field identified by ``locator``.</doc>
<status status="PASS" start="2026-01-02T21:41:34.233995" elapsed="0.167709"/>
</kw>
<kw name="Input Text" owner="SeleniumLibrary">
<msg time="2026-01-02T21:41:34.403070" level="INFO">Typing text 'Sodsai' into text field 'id=lastname'.</msg>
<arg>id=lastname</arg>
<arg>${LAST_NAME}</arg>
<doc>Types the given ``text`` into the text field identified by ``locator``.</doc>
<status status="PASS" start="2026-01-02T21:41:34.401704" elapsed="0.293320"/>
</kw>
<kw name="Input Text" owner="SeleniumLibrary">
<msg time="2026-01-02T21:41:34.696121" level="INFO">Typing text 'CS KKU' into text field 'id=organization'.</msg>
<arg>id=organization</arg>
<arg>${ORG}</arg>
<doc>Types the given ``text`` into the text field identified by ``locator``.</doc>
<status status="PASS" start="2026-01-02T21:41:34.696121" elapsed="0.163209"/>
</kw>
<kw name="Input Text" owner="SeleniumLibrary">
<msg time="2026-01-02T21:41:34.860430" level="INFO">Typing text 'somyod@kkumail.com' into text field 'id=email'.</msg>
<arg>id=email</arg>
<arg>${EMAIL}</arg>
<doc>Types the given ``text`` into the text field identified by ``locator``.</doc>
<status status="PASS" start="2026-01-02T21:41:34.860430" elapsed="0.207487"/>
</kw>
<kw name="Input Text" owner="SeleniumLibrary">
<msg time="2026-01-02T21:41:35.068960" level="INFO">Typing text '1234' into text field 'id=phone'.</msg>
<arg>id=phone</arg>
<arg>1234</arg>
<doc>Types the given ``text`` into the text field identified by ``locator``.</doc>
<status status="PASS" start="2026-01-02T21:41:35.068960" elapsed="0.188571"/>
</kw>
<kw name="Click Button" owner="SeleniumLibrary">
<msg time="2026-01-02T21:41:35.258664" level="INFO">Clicking button 'id=registerButton'.</msg>
<arg>id=registerButton</arg>
<doc>Clicks the button identified by ``locator``.</doc>
<status status="PASS" start="2026-01-02T21:41:35.257531" elapsed="0.147745"/>
</kw>
<kw name="Get Title" owner="SeleniumLibrary">
<msg time="2026-01-02T21:41:35.417446" level="INFO">${title} = Registration</msg>
<var>${title}</var>
<doc>Returns the title of the current page.</doc>
<status status="PASS" start="2026-01-02T21:41:35.406590" elapsed="0.010856"/>
</kw>
<kw name="Should Be Equal" owner="BuiltIn">
<arg>${title}</arg>
<arg>Registration</arg>
<doc>Fails if the given objects are unequal.</doc>
<status status="PASS" start="2026-01-02T21:41:35.418459" elapsed="0.000000"/>
</kw>
<kw name="Wait Until Page Contains" owner="SeleniumLibrary">
<msg time="2026-01-02T21:41:40.713184" level="INFO" html="true">&lt;/td&gt;&lt;/tr&gt;&lt;tr&gt;&lt;td colspan="3"&gt;&lt;a href="selenium-screenshot-1.png"&gt;&lt;img src="selenium-screenshot-1.png" width="800px"&gt;&lt;/a&gt;</msg>
<msg time="2026-01-02T21:41:40.713184" level="FAIL">Text 'Please enter a valid phone number, e.g., 081-234-5678, 081 234 5678, or 081.234.5678)' did not appear in 5 seconds.</msg>
<arg>Please enter a valid phone number, e.g., 081-234-5678, 081 234 5678, or 081.234.5678)</arg>
<doc>Waits until ``text`` appears on the current page.</doc>
<status status="FAIL" start="2026-01-02T21:41:35.418459" elapsed="5.297109">Text 'Please enter a valid phone number, e.g., 081-234-5678, 081 234 5678, or 081.234.5678)' did not appear in 5 seconds.</status>
</kw>
<kw name="Close Browser" owner="SeleniumLibrary">
<doc>Closes the current browser.</doc>
<status status="NOT RUN" start="2026-01-02T21:41:40.716597" elapsed="0.000000"/>
</kw>
<status status="FAIL" start="2026-01-02T21:41:30.364433" elapsed="10.352164">Text 'Please enter a valid phone number, e.g., 081-234-5678, 081 234 5678, or 081.234.5678)' did not appear in 5 seconds.</status>
</test>
<status status="FAIL" start="2026-01-02T21:40:44.999732" elapsed="55.717961"/>
</suite>
<statistics>
<total>
<stat pass="7" fail="1" skip="0">All Tests</stat>
</total>
<tag>
</tag>
<suite>
<stat name="Test Lab4" id="s1" pass="7" fail="1" skip="0">Test Lab4</stat>
</suite>
</statistics>
<errors>
</errors>
</robot>
