<?xml version="1.0" encoding="UTF-8"?>
<robot generator="Robot 7.3.2 (Python 3.12.2 on win32)" generated="2025-12-30T13:02:03.789730" rpa="false" schemaversion="5">
<suite id="s1" name="Test Lab4" source="D:\Software_Engineer\SE_lab4\test_lab4.robot">
<test id="s1-t1" name="Register Success:" line="16">
<kw name="Open Browser" owner="SeleniumLibrary">
<msg time="2025-12-30T13:02:04.302842" level="INFO">Opening browser 'Chrome' to base url 'http://www.google.com'.</msg>
<arg>${HOMEPAGE}</arg>
<arg>${BROWSER}</arg>
<doc>Opens a new browser instance to the optional ``url``.</doc>
<status status="PASS" start="2025-12-30T13:02:04.302842" elapsed="2.326833"/>
</kw>
<kw name="Go To" owner="SeleniumLibrary">
<msg time="2025-12-30T13:02:06.630663" level="INFO">Opening url 'http://localhost:7272/Registration.html'</msg>
<arg>${REG_URL}</arg>
<doc>Navigates the current browser window to the provided ``url``.</doc>
<status status="PASS" start="2025-12-30T13:02:06.630663" elapsed="0.387216"/>
</kw>
<kw name="Input Text" owner="SeleniumLibrary">
<msg time="2025-12-30T13:02:07.019894" level="INFO">Typing text 'Somyod' into text field 'id=firstname'.</msg>
<arg>id=firstname</arg>
<arg>${FIRST_NAME}</arg>
<doc>Types the given ``text`` into the text field identified by ``locator``.</doc>
<status status="PASS" start="2025-12-30T13:02:07.018890" elapsed="0.104297"/>
</kw>
<kw name="Input Text" owner="SeleniumLibrary">
<msg time="2025-12-30T13:02:07.124196" level="INFO">Typing text 'Sodsai' into text field 'id=lastname'.</msg>
<arg>id=lastname</arg>
<arg>${LAST_NAME}</arg>
<doc>Types the given ``text`` into the text field identified by ``locator``.</doc>
<status status="PASS" start="2025-12-30T13:02:07.123187" elapsed="0.071783"/>
</kw>
<kw name="Input Text" owner="SeleniumLibrary">
<msg time="2025-12-30T13:02:07.194970" level="INFO">Typing text 'CS KKU' into text field 'id=organization'.</msg>
<arg>id=organization</arg>
<arg>${ORG}</arg>
<doc>Types the given ``text`` into the text field identified by ``locator``.</doc>
<status status="PASS" start="2025-12-30T13:02:07.194970" elapsed="0.069840"/>
</kw>
<kw name="Input Text" owner="SeleniumLibrary">
<msg time="2025-12-30T13:02:07.264810" level="INFO">Typing text 'somyod@kkumail.com' into text field 'id=email'.</msg>
<arg>id=email</arg>
<arg>${EMAIL}</arg>
<doc>Types the given ``text`` into the text field identified by ``locator``.</doc>
<status status="PASS" start="2025-12-30T13:02:07.264810" elapsed="0.102860"/>
</kw>
<kw name="Input Text" owner="SeleniumLibrary">
<msg time="2025-12-30T13:02:07.367670" level="INFO">Typing text '091-001-1234' into text field 'id=phone'.</msg>
<arg>id=phone</arg>
<arg>${PHONE}</arg>
<doc>Types the given ``text`` into the text field identified by ``locator``.</doc>
<status status="PASS" start="2025-12-30T13:02:07.367670" elapsed="0.079823"/>
</kw>
<kw name="Click Button" owner="SeleniumLibrary">
<msg time="2025-12-30T13:02:07.447493" level="INFO">Clicking button 'id=registerButton'.</msg>
<arg>id=registerButton</arg>
<doc>Clicks the button identified by ``locator``.</doc>
<status status="PASS" start="2025-12-30T13:02:07.447493" elapsed="0.118175"/>
</kw>
<kw name="Get Title" owner="SeleniumLibrary">
<msg time="2025-12-30T13:02:07.571870" level="INFO">${title} = Success</msg>
<var>${title}</var>
<doc>Returns the title of the current page.</doc>
<status status="PASS" start="2025-12-30T13:02:07.565668" elapsed="0.006202"/>
</kw>
<kw name="Should Be Equal" owner="BuiltIn">
<arg>${title}</arg>
<arg>Success</arg>
<doc>Fails if the given objects are unequal.</doc>
<status status="PASS" start="2025-12-30T13:02:07.572870" elapsed="0.000000"/>
</kw>
<kw name="Wait Until Page Contains" owner="SeleniumLibrary">
<arg>Thank you for registering with us.</arg>
<doc>Waits until ``text`` appears on the current page.</doc>
<status status="PASS" start="2025-12-30T13:02:07.573872" elapsed="0.011316"/>
</kw>
<kw name="Wait Until Page Contains" owner="SeleniumLibrary">
<arg>We will send a confirmation to your email soon.</arg>
<doc>Waits until ``text`` appears on the current page.</doc>
<status status="PASS" start="2025-12-30T13:02:07.585188" elapsed="0.010517"/>
</kw>
<kw name="Close Browser" owner="SeleniumLibrary">
<doc>Closes the current browser.</doc>
<status status="PASS" start="2025-12-30T13:02:07.596734" elapsed="2.153572"/>
</kw>
<status status="PASS" start="2025-12-30T13:02:04.300841" elapsed="5.449465"/>
</test>
<test id="s1-t2" name="Register Success No Organization Info:" line="34">
<kw name="Open Browser" owner="SeleniumLibrary">
<msg time="2025-12-30T13:02:09.752307" level="INFO">Opening browser 'Chrome' to base url 'http://www.google.com'.</msg>
<arg>${HOMEPAGE}</arg>
<arg>${BROWSER}</arg>
<doc>Opens a new browser instance to the optional ``url``.</doc>
<status status="PASS" start="2025-12-30T13:02:09.751295" elapsed="2.235349"/>
</kw>
<kw name="Go To" owner="SeleniumLibrary">
<msg time="2025-12-30T13:02:11.986963" level="INFO">Opening url 'http://localhost:7272/Registration.html'</msg>
<arg>${REG_URL}</arg>
<doc>Navigates the current browser window to the provided ``url``.</doc>
<status status="PASS" start="2025-12-30T13:02:11.986963" elapsed="0.356366"/>
</kw>
<kw name="Input Text" owner="SeleniumLibrary">
<msg time="2025-12-30T13:02:12.344331" level="INFO">Typing text 'Somyod' into text field 'id=firstname'.</msg>
<arg>id=firstname</arg>
<arg>${FIRST_NAME}</arg>
<doc>Types the given ``text`` into the text field identified by ``locator``.</doc>
<status status="PASS" start="2025-12-30T13:02:12.343329" elapsed="0.104084"/>
</kw>
<kw name="Input Text" owner="SeleniumLibrary">
<msg time="2025-12-30T13:02:12.448920" level="INFO">Typing text 'Sodsai' into text field 'id=lastname'.</msg>
<arg>id=lastname</arg>
<arg>${LAST_NAME}</arg>
<doc>Types the given ``text`` into the text field identified by ``locator``.</doc>
<status status="PASS" start="2025-12-30T13:02:12.448920" elapsed="0.070033"/>
</kw>
<kw name="Input Text" owner="SeleniumLibrary">
<msg time="2025-12-30T13:02:12.519953" level="INFO">Typing text 'somyod@kkumail.com' into text field 'id=email'.</msg>
<arg>id=email</arg>
<arg>${EMAIL}</arg>
<doc>Types the given ``text`` into the text field identified by ``locator``.</doc>
<status status="PASS" start="2025-12-30T13:02:12.518953" elapsed="0.085892"/>
</kw>
<kw name="Input Text" owner="SeleniumLibrary">
<msg time="2025-12-30T13:02:12.605847" level="INFO">Typing text '091-001-1234' into text field 'id=phone'.</msg>
<arg>id=phone</arg>
<arg>${PHONE}</arg>
<doc>Types the given ``text`` into the text field identified by ``locator``.</doc>
<status status="PASS" start="2025-12-30T13:02:12.604845" elapsed="0.081272"/>
</kw>
<kw name="Click Button" owner="SeleniumLibrary">
<msg time="2025-12-30T13:02:12.686117" level="INFO">Clicking button 'id=registerButton'.</msg>
<arg>id=registerButton</arg>
<doc>Clicks the button identified by ``locator``.</doc>
<status status="PASS" start="2025-12-30T13:02:12.686117" elapsed="0.097303"/>
</kw>
<kw name="Get Title" owner="SeleniumLibrary">
<msg time="2025-12-30T13:02:12.790933" level="INFO">${title} = Success</msg>
<var>${title}</var>
<doc>Returns the title of the current page.</doc>
<status status="PASS" start="2025-12-30T13:02:12.783420" elapsed="0.007513"/>
</kw>
<kw name="Should Be Equal" owner="BuiltIn">
<arg>${title}</arg>
<arg>Success</arg>
<doc>Fails if the given objects are unequal.</doc>
<status status="PASS" start="2025-12-30T13:02:12.790933" elapsed="0.000000"/>
</kw>
<kw name="Wait Until Page Contains" owner="SeleniumLibrary">
<arg>Thank you for registering with us.</arg>
<doc>Waits until ``text`` appears on the current page.</doc>
<status status="PASS" start="2025-12-30T13:02:12.790933" elapsed="0.010028"/>
</kw>
<kw name="Wait Until Page Contains" owner="SeleniumLibrary">
<arg>We will send a confirmation to your email soon.</arg>
<doc>Waits until ``text`` appears on the current page.</doc>
<status status="PASS" start="2025-12-30T13:02:12.800961" elapsed="0.022615"/>
</kw>
<kw name="Close Browser" owner="SeleniumLibrary">
<doc>Closes the current browser.</doc>
<status status="PASS" start="2025-12-30T13:02:12.823576" elapsed="2.136352"/>
</kw>
<status status="PASS" start="2025-12-30T13:02:09.751295" elapsed="5.209635"/>
</test>
<test id="s1-t3" name="Empty First Name:" line="51">
<kw name="Open Browser" owner="SeleniumLibrary">
<msg time="2025-12-30T13:02:14.961929" level="INFO">Opening browser 'Chrome' to base url 'http://www.google.com'.</msg>
<arg>${HOMEPAGE}</arg>
<arg>${BROWSER}</arg>
<doc>Opens a new browser instance to the optional ``url``.</doc>
<status status="PASS" start="2025-12-30T13:02:14.961929" elapsed="2.261001"/>
</kw>
<kw name="Go To" owner="SeleniumLibrary">
<msg time="2025-12-30T13:02:17.223937" level="INFO">Opening url 'http://localhost:7272/Registration.html'</msg>
<arg>${REG_URL}</arg>
<doc>Navigates the current browser window to the provided ``url``.</doc>
<status status="PASS" start="2025-12-30T13:02:17.222930" elapsed="0.351185"/>
</kw>
<kw name="Input Text" owner="SeleniumLibrary">
<msg time="2025-12-30T13:02:17.575120" level="INFO">Typing text 'Sodsai' into text field 'id=lastname'.</msg>
<arg>id=lastname</arg>
<arg>${LAST_NAME}</arg>
<doc>Types the given ``text`` into the text field identified by ``locator``.</doc>
<status status="PASS" start="2025-12-30T13:02:17.574115" elapsed="0.110152"/>
</kw>
<kw name="Input Text" owner="SeleniumLibrary">
<msg time="2025-12-30T13:02:17.685260" level="INFO">Typing text 'CS KKU' into text field 'id=organization'.</msg>
<arg>id=organization</arg>
<arg>${ORG}</arg>
<doc>Types the given ``text`` into the text field identified by ``locator``.</doc>
<status status="PASS" start="2025-12-30T13:02:17.684267" elapsed="0.070747"/>
</kw>
<kw name="Input Text" owner="SeleniumLibrary">
<msg time="2025-12-30T13:02:17.755014" level="INFO">Typing text 'somyod@kkumail.com' into text field 'id=email'.</msg>
<arg>id=email</arg>
<arg>${EMAIL}</arg>
<doc>Types the given ``text`` into the text field identified by ``locator``.</doc>
<status status="PASS" start="2025-12-30T13:02:17.755014" elapsed="0.090253"/>
</kw>
<kw name="Input Text" owner="SeleniumLibrary">
<msg time="2025-12-30T13:02:17.846270" level="INFO">Typing text '091-001-1234' into text field 'id=phone'.</msg>
<arg>id=phone</arg>
<arg>${PHONE}</arg>
<doc>Types the given ``text`` into the text field identified by ``locator``.</doc>
<status status="PASS" start="2025-12-30T13:02:17.846270" elapsed="0.084077"/>
</kw>
<kw name="Click Button" owner="SeleniumLibrary">
<msg time="2025-12-30T13:02:17.930347" level="INFO">Clicking button 'id=registerButton'.</msg>
<arg>id=registerButton</arg>
<doc>Clicks the button identified by ``locator``.</doc>
<status status="PASS" start="2025-12-30T13:02:17.930347" elapsed="0.070676"/>
</kw>
<kw name="Get Title" owner="SeleniumLibrary">
<msg time="2025-12-30T13:02:18.007018" level="INFO">${title} = Registration</msg>
<var>${title}</var>
<doc>Returns the title of the current page.</doc>
<status status="PASS" start="2025-12-30T13:02:18.002021" elapsed="0.004997"/>
</kw>
<kw name="Should Be Equal" owner="BuiltIn">
<arg>${title}</arg>
<arg>Registration</arg>
<doc>Fails if the given objects are unequal.</doc>
<status status="PASS" start="2025-12-30T13:02:18.007018" elapsed="0.000000"/>
</kw>
<kw name="Wait Until Page Contains" owner="SeleniumLibrary">
<arg>Please enter your first name!!</arg>
<doc>Waits until ``text`` appears on the current page.</doc>
<status status="PASS" start="2025-12-30T13:02:18.008385" elapsed="0.009596"/>
</kw>
<kw name="Close Browser" owner="SeleniumLibrary">
<doc>Closes the current browser.</doc>
<status status="PASS" start="2025-12-30T13:02:18.018983" elapsed="2.153789"/>
</kw>
<status status="PASS" start="2025-12-30T13:02:14.960930" elapsed="5.212857"/>
</test>
<test id="s1-t4" name="Empty Last Name:" line="67">
<kw name="Open Browser" owner="SeleniumLibrary">
<msg time="2025-12-30T13:02:20.174787" level="INFO">Opening browser 'Chrome' to base url 'http://www.google.com'.</msg>
<arg>${HOMEPAGE}</arg>
<arg>${BROWSER}</arg>
<doc>Opens a new browser instance to the optional ``url``.</doc>
<status status="PASS" start="2025-12-30T13:02:20.174787" elapsed="2.386745"/>
</kw>
<kw name="Go To" owner="SeleniumLibrary">
<msg time="2025-12-30T13:02:22.562534" level="INFO">Opening url 'http://localhost:7272/Registration.html'</msg>
<arg>${REG_URL}</arg>
<doc>Navigates the current browser window to the provided ``url``.</doc>
<status status="PASS" start="2025-12-30T13:02:22.561532" elapsed="0.359569"/>
</kw>
<kw name="Input Text" owner="SeleniumLibrary">
<msg time="2025-12-30T13:02:22.922106" level="INFO">Typing text 'Somyod' into text field 'id=firstname'.</msg>
<arg>id=firstname</arg>
<arg>${FIRST_NAME}</arg>
<doc>Types the given ``text`` into the text field identified by ``locator``.</doc>
<status status="PASS" start="2025-12-30T13:02:22.922106" elapsed="0.104023"/>
</kw>
<kw name="Input Text" owner="SeleniumLibrary">
<msg time="2025-12-30T13:02:23.027141" level="INFO">Typing text 'CS KKU' into text field 'id=organization'.</msg>
<arg>id=organization</arg>
<arg>${ORG}</arg>
<doc>Types the given ``text`` into the text field identified by ``locator``.</doc>
<status status="PASS" start="2025-12-30T13:02:23.026129" elapsed="0.071034"/>
</kw>
<kw name="Input Text" owner="SeleniumLibrary">
<msg time="2025-12-30T13:02:23.098488" level="INFO">Typing text 'somyod@kkumail.com' into text field 'id=email'.</msg>
<arg>id=email</arg>
<arg>${EMAIL}</arg>
<doc>Types the given ``text`` into the text field identified by ``locator``.</doc>
<status status="PASS" start="2025-12-30T13:02:23.097163" elapsed="0.093453"/>
</kw>
<kw name="Input Text" owner="SeleniumLibrary">
<msg time="2025-12-30T13:02:23.191610" level="INFO">Typing text '091-001-1234' into text field 'id=phone'.</msg>
<arg>id=phone</arg>
<arg>${PHONE}</arg>
<doc>Types the given ``text`` into the text field identified by ``locator``.</doc>
<status status="PASS" start="2025-12-30T13:02:23.191610" elapsed="0.081505"/>
</kw>
<kw name="Click Button" owner="SeleniumLibrary">
<msg time="2025-12-30T13:02:23.274117" level="INFO">Clicking button 'id=registerButton'.</msg>
<arg>id=registerButton</arg>
<doc>Clicks the button identified by ``locator``.</doc>
<status status="PASS" start="2025-12-30T13:02:23.274117" elapsed="0.072746"/>
</kw>
<kw name="Get Title" owner="SeleniumLibrary">
<msg time="2025-12-30T13:02:23.351415" level="INFO">${title} = Registration</msg>
<var>${title}</var>
<doc>Returns the title of the current page.</doc>
<status status="PASS" start="2025-12-30T13:02:23.347400" elapsed="0.004015"/>
</kw>
<kw name="Should Be Equal" owner="BuiltIn">
<arg>${title}</arg>
<arg>Registration</arg>
<doc>Fails if the given objects are unequal.</doc>
<status status="PASS" start="2025-12-30T13:02:23.352416" elapsed="0.000000"/>
</kw>
<kw name="Wait Until Page Contains" owner="SeleniumLibrary">
<arg>Please enter your last name!!</arg>
<doc>Waits until ``text`` appears on the current page.</doc>
<status status="PASS" start="2025-12-30T13:02:23.352416" elapsed="0.011020"/>
</kw>
<kw name="Close Browser" owner="SeleniumLibrary">
<doc>Closes the current browser.</doc>
<status status="PASS" start="2025-12-30T13:02:23.363436" elapsed="2.146127"/>
</kw>
<status status="PASS" start="2025-12-30T13:02:20.173787" elapsed="5.335776"/>
</test>
<test id="s1-t5" name="Empty First Name and Last Name:" line="83">
<kw name="Open Browser" owner="SeleniumLibrary">
<msg time="2025-12-30T13:02:25.511585" level="INFO">Opening browser 'Chrome' to base url 'http://www.google.com'.</msg>
<arg>${HOMEPAGE}</arg>
<arg>${BROWSER}</arg>
<doc>Opens a new browser instance to the optional ``url``.</doc>
<status status="PASS" start="2025-12-30T13:02:25.511585" elapsed="2.304168"/>
</kw>
<kw name="Go To" owner="SeleniumLibrary">
<msg time="2025-12-30T13:02:27.815753" level="INFO">Opening url 'http://localhost:7272/Registration.html'</msg>
<arg>${REG_URL}</arg>
<doc>Navigates the current browser window to the provided ``url``.</doc>
<status status="PASS" start="2025-12-30T13:02:27.815753" elapsed="0.341444"/>
</kw>
<kw name="Input Text" owner="SeleniumLibrary">
<msg time="2025-12-30T13:02:28.157815" level="INFO">Typing text 'CS KKU' into text field 'id=organization'.</msg>
<arg>id=organization</arg>
<arg>${ORG}</arg>
<doc>Types the given ``text`` into the text field identified by ``locator``.</doc>
<status status="PASS" start="2025-12-30T13:02:28.157815" elapsed="0.112525"/>
</kw>
<kw name="Input Text" owner="SeleniumLibrary">
<msg time="2025-12-30T13:02:28.271346" level="INFO">Typing text 'somyod@kkumail.com' into text field 'id=email'.</msg>
<arg>id=email</arg>
<arg>${EMAIL}</arg>
<doc>Types the given ``text`` into the text field identified by ``locator``.</doc>
<status status="PASS" start="2025-12-30T13:02:28.271346" elapsed="0.090269"/>
</kw>
<kw name="Input Text" owner="SeleniumLibrary">
<msg time="2025-12-30T13:02:28.361615" level="INFO">Typing text '091-001-1234' into text field 'id=phone'.</msg>
<arg>id=phone</arg>
<arg>${PHONE}</arg>
<doc>Types the given ``text`` into the text field identified by ``locator``.</doc>
<status status="PASS" start="2025-12-30T13:02:28.361615" elapsed="0.083999"/>
</kw>
<kw name="Click Button" owner="SeleniumLibrary">
<msg time="2025-12-30T13:02:28.446614" level="INFO">Clicking button 'id=registerButton'.</msg>
<arg>id=registerButton</arg>
<doc>Clicks the button identified by ``locator``.</doc>
<status status="PASS" start="2025-12-30T13:02:28.446614" elapsed="0.074757"/>
</kw>
<kw name="Get Title" owner="SeleniumLibrary">
<msg time="2025-12-30T13:02:28.526373" level="INFO">${title} = Registration</msg>
<var>${title}</var>
<doc>Returns the title of the current page.</doc>
<status status="PASS" start="2025-12-30T13:02:28.522371" elapsed="0.004002"/>
</kw>
<kw name="Should Be Equal" owner="BuiltIn">
<arg>${title}</arg>
<arg>Registration</arg>
<doc>Fails if the given objects are unequal.</doc>
<status status="PASS" start="2025-12-30T13:02:28.527372" elapsed="0.000000"/>
</kw>
<kw name="Wait Until Page Contains" owner="SeleniumLibrary">
<arg>Please enter your name!!</arg>
<doc>Waits until ``text`` appears on the current page.</doc>
<status status="PASS" start="2025-12-30T13:02:28.527372" elapsed="0.011193"/>
</kw>
<kw name="Close Browser" owner="SeleniumLibrary">
<doc>Closes the current browser.</doc>
<status status="PASS" start="2025-12-30T13:02:28.538565" elapsed="2.143248"/>
</kw>
<status status="PASS" start="2025-12-30T13:02:25.510577" elapsed="5.172258"/>
</test>
<test id="s1-t6" name="Empty Email:" line="98">
<kw name="Open Browser" owner="SeleniumLibrary">
<msg time="2025-12-30T13:02:30.683825" level="INFO">Opening browser 'Chrome' to base url 'http://www.google.com'.</msg>
<arg>${HOMEPAGE}</arg>
<arg>${BROWSER}</arg>
<doc>Opens a new browser instance to the optional ``url``.</doc>
<status status="PASS" start="2025-12-30T13:02:30.683825" elapsed="2.040926"/>
</kw>
<kw name="Go To" owner="SeleniumLibrary">
<msg time="2025-12-30T13:02:32.725749" level="INFO">Opening url 'http://localhost:7272/Registration.html'</msg>
<arg>${REG_URL}</arg>
<doc>Navigates the current browser window to the provided ``url``.</doc>
<status status="PASS" start="2025-12-30T13:02:32.724751" elapsed="0.356851"/>
</kw>
<kw name="Input Text" owner="SeleniumLibrary">
<msg time="2025-12-30T13:02:33.083602" level="INFO">Typing text 'Somyod' into text field 'id=firstname'.</msg>
<arg>id=firstname</arg>
<arg>${FIRST_NAME}</arg>
<doc>Types the given ``text`` into the text field identified by ``locator``.</doc>
<status status="PASS" start="2025-12-30T13:02:33.082604" elapsed="0.113074"/>
</kw>
<kw name="Input Text" owner="SeleniumLibrary">
<msg time="2025-12-30T13:02:33.196670" level="INFO">Typing text 'Sodsai' into text field 'id=lastname'.</msg>
<arg>id=lastname</arg>
<arg>${LAST_NAME}</arg>
<doc>Types the given ``text`` into the text field identified by ``locator``.</doc>
<status status="PASS" start="2025-12-30T13:02:33.196670" elapsed="0.075993"/>
</kw>
<kw name="Input Text" owner="SeleniumLibrary">
<msg time="2025-12-30T13:02:33.273667" level="INFO">Typing text 'CS KKU' into text field 'id=organization'.</msg>
<arg>id=organization</arg>
<arg>${ORG}</arg>
<doc>Types the given ``text`` into the text field identified by ``locator``.</doc>
<status status="PASS" start="2025-12-30T13:02:33.273667" elapsed="0.076161"/>
</kw>
<kw name="Input Text" owner="SeleniumLibrary">
<msg time="2025-12-30T13:02:33.349828" level="INFO">Typing text '091-001-1234' into text field 'id=phone'.</msg>
<arg>id=phone</arg>
<arg>${PHONE}</arg>
<doc>Types the given ``text`` into the text field identified by ``locator``.</doc>
<status status="PASS" start="2025-12-30T13:02:33.349828" elapsed="0.081622"/>
</kw>
<kw name="Click Button" owner="SeleniumLibrary">
<msg time="2025-12-30T13:02:33.431450" level="INFO">Clicking button 'id=registerButton'.</msg>
<arg>id=registerButton</arg>
<doc>Clicks the button identified by ``locator``.</doc>
<status status="PASS" start="2025-12-30T13:02:33.431450" elapsed="0.070495"/>
</kw>
<kw name="Get Title" owner="SeleniumLibrary">
<msg time="2025-12-30T13:02:33.507448" level="INFO">${title} = Registration</msg>
<var>${title}</var>
<doc>Returns the title of the current page.</doc>
<status status="PASS" start="2025-12-30T13:02:33.501945" elapsed="0.005503"/>
</kw>
<kw name="Should Be Equal" owner="BuiltIn">
<arg>${title}</arg>
<arg>Registration</arg>
<doc>Fails if the given objects are unequal.</doc>
<status status="PASS" start="2025-12-30T13:02:33.507448" elapsed="0.000000"/>
</kw>
<kw name="Wait Until Page Contains" owner="SeleniumLibrary">
<arg>Please enter your email!!</arg>
<doc>Waits until ``text`` appears on the current page.</doc>
<status status="PASS" start="2025-12-30T13:02:33.508453" elapsed="0.011387"/>
</kw>
<kw name="Close Browser" owner="SeleniumLibrary">
<doc>Closes the current browser.</doc>
<status status="PASS" start="2025-12-30T13:02:33.519840" elapsed="2.149967"/>
</kw>
<status status="PASS" start="2025-12-30T13:02:30.683825" elapsed="4.986952"/>
</test>
<test id="s1-t7" name="Empty Phone Number:" line="114">
<kw name="Open Browser" owner="SeleniumLibrary">
<msg time="2025-12-30T13:02:35.671778" level="INFO">Opening browser 'Chrome' to base url 'http://www.google.com'.</msg>
<arg>${HOMEPAGE}</arg>
<arg>${BROWSER}</arg>
<doc>Opens a new browser instance to the optional ``url``.</doc>
<status status="PASS" start="2025-12-30T13:02:35.671778" elapsed="2.261905"/>
</kw>
<kw name="Go To" owner="SeleniumLibrary">
<msg time="2025-12-30T13:02:37.934677" level="INFO">Opening url 'http://localhost:7272/Registration.html'</msg>
<arg>${REG_URL}</arg>
<doc>Navigates the current browser window to the provided ``url``.</doc>
<status status="PASS" start="2025-12-30T13:02:37.933683" elapsed="0.347982"/>
</kw>
<kw name="Input Text" owner="SeleniumLibrary">
<msg time="2025-12-30T13:02:38.282667" level="INFO">Typing text 'Somyod' into text field 'id=firstname'.</msg>
<arg>id=firstname</arg>
<arg>${FIRST_NAME}</arg>
<doc>Types the given ``text`` into the text field identified by ``locator``.</doc>
<status status="PASS" start="2025-12-30T13:02:38.282667" elapsed="0.126981"/>
</kw>
<kw name="Input Text" owner="SeleniumLibrary">
<msg time="2025-12-30T13:02:38.409648" level="INFO">Typing text 'Sodsai' into text field 'id=lastname'.</msg>
<arg>id=lastname</arg>
<arg>${LAST_NAME}</arg>
<doc>Types the given ``text`` into the text field identified by ``locator``.</doc>
<status status="PASS" start="2025-12-30T13:02:38.409648" elapsed="0.071131"/>
</kw>
<kw name="Input Text" owner="SeleniumLibrary">
<msg time="2025-12-30T13:02:38.481784" level="INFO">Typing text 'CS KKU' into text field 'id=organization'.</msg>
<arg>id=organization</arg>
<arg>${ORG}</arg>
<doc>Types the given ``text`` into the text field identified by ``locator``.</doc>
<status status="PASS" start="2025-12-30T13:02:38.481784" elapsed="0.073079"/>
</kw>
<kw name="Input Text" owner="SeleniumLibrary">
<msg time="2025-12-30T13:02:38.555869" level="INFO">Typing text 'somyod@kkumail.com' into text field 'id=email'.</msg>
<arg>id=email</arg>
<arg>${EMAIL}</arg>
<doc>Types the given ``text`` into the text field identified by ``locator``.</doc>
<status status="PASS" start="2025-12-30T13:02:38.554863" elapsed="0.088220"/>
</kw>
<kw name="Click Button" owner="SeleniumLibrary">
<msg time="2025-12-30T13:02:38.643083" level="INFO">Clicking button 'id=registerButton'.</msg>
<arg>id=registerButton</arg>
<doc>Clicks the button identified by ``locator``.</doc>
<status status="PASS" start="2025-12-30T13:02:38.643083" elapsed="0.064785"/>
</kw>
<kw name="Get Title" owner="SeleniumLibrary">
<msg time="2025-12-30T13:02:38.713096" level="INFO">${title} = Registration</msg>
<var>${title}</var>
<doc>Returns the title of the current page.</doc>
<status status="PASS" start="2025-12-30T13:02:38.707868" elapsed="0.005228"/>
</kw>
<kw name="Should Be Equal" owner="BuiltIn">
<arg>${title}</arg>
<arg>Registration</arg>
<doc>Fails if the given objects are unequal.</doc>
<status status="PASS" start="2025-12-30T13:02:38.713096" elapsed="0.000000"/>
</kw>
<kw name="Wait Until Page Contains" owner="SeleniumLibrary">
<arg>Please enter your email!!</arg>
<doc>Waits until ``text`` appears on the current page.</doc>
<status status="PASS" start="2025-12-30T13:02:38.713096" elapsed="0.010534"/>
</kw>
<kw name="Close Browser" owner="SeleniumLibrary">
<doc>Closes the current browser.</doc>
<status status="PASS" start="2025-12-30T13:02:38.723630" elapsed="2.140189"/>
</kw>
<status status="PASS" start="2025-12-30T13:02:35.670777" elapsed="5.194054"/>
</test>
<test id="s1-t8" name="Invalid Phone Number:" line="130">
<kw name="Open Browser" owner="SeleniumLibrary">
<msg time="2025-12-30T13:02:40.865819" level="INFO">Opening browser 'Chrome' to base url 'http://www.google.com'.</msg>
<arg>${HOMEPAGE}</arg>
<arg>${BROWSER}</arg>
<doc>Opens a new browser instance to the optional ``url``.</doc>
<status status="PASS" start="2025-12-30T13:02:40.865819" elapsed="2.122731"/>
</kw>
<kw name="Go To" owner="SeleniumLibrary">
<msg time="2025-12-30T13:02:42.990080" level="INFO">Opening url 'http://localhost:7272/Registration.html'</msg>
<arg>${REG_URL}</arg>
<doc>Navigates the current browser window to the provided ``url``.</doc>
<status status="PASS" start="2025-12-30T13:02:42.990080" elapsed="0.340029"/>
</kw>
<kw name="Input Text" owner="SeleniumLibrary">
<msg time="2025-12-30T13:02:43.331121" level="INFO">Typing text 'Somyod' into text field 'id=firstname'.</msg>
<arg>id=firstname</arg>
<arg>${FIRST_NAME}</arg>
<doc>Types the given ``text`` into the text field identified by ``locator``.</doc>
<status status="PASS" start="2025-12-30T13:02:43.330109" elapsed="0.115988"/>
</kw>
<kw name="Input Text" owner="SeleniumLibrary">
<msg time="2025-12-30T13:02:43.447102" level="INFO">Typing text 'Sodsai' into text field 'id=lastname'.</msg>
<arg>id=lastname</arg>
<arg>${LAST_NAME}</arg>
<doc>Types the given ``text`` into the text field identified by ``locator``.</doc>
<status status="PASS" start="2025-12-30T13:02:43.446097" elapsed="0.070731"/>
</kw>
<kw name="Input Text" owner="SeleniumLibrary">
<msg time="2025-12-30T13:02:43.518343" level="INFO">Typing text 'CS KKU' into text field 'id=organization'.</msg>
<arg>id=organization</arg>
<arg>${ORG}</arg>
<doc>Types the given ``text`` into the text field identified by ``locator``.</doc>
<status status="PASS" start="2025-12-30T13:02:43.517833" elapsed="0.075066"/>
</kw>
<kw name="Input Text" owner="SeleniumLibrary">
<msg time="2025-12-30T13:02:43.594891" level="INFO">Typing text 'somyod@kkumail.com' into text field 'id=email'.</msg>
<arg>id=email</arg>
<arg>${EMAIL}</arg>
<doc>Types the given ``text`` into the text field identified by ``locator``.</doc>
<status status="PASS" start="2025-12-30T13:02:43.593886" elapsed="0.127919"/>
</kw>
<kw name="Input Text" owner="SeleniumLibrary">
<msg time="2025-12-30T13:02:43.722807" level="INFO">Typing text '1234' into text field 'id=phone'.</msg>
<arg>id=phone</arg>
<arg>1234</arg>
<doc>Types the given ``text`` into the text field identified by ``locator``.</doc>
<status status="PASS" start="2025-12-30T13:02:43.722807" elapsed="0.072127"/>
</kw>
<kw name="Click Button" owner="SeleniumLibrary">
<msg time="2025-12-30T13:02:43.795934" level="INFO">Clicking button 'id=registerButton'.</msg>
<arg>id=registerButton</arg>
<doc>Clicks the button identified by ``locator``.</doc>
<status status="PASS" start="2025-12-30T13:02:43.795934" elapsed="0.094191"/>
</kw>
<kw name="Get Title" owner="SeleniumLibrary">
<msg time="2025-12-30T13:02:43.894121" level="INFO">${title} = Registration</msg>
<var>${title}</var>
<doc>Returns the title of the current page.</doc>
<status status="PASS" start="2025-12-30T13:02:43.890125" elapsed="0.003996"/>
</kw>
<kw name="Should Be Equal" owner="BuiltIn">
<arg>${title}</arg>
<arg>Registration</arg>
<doc>Fails if the given objects are unequal.</doc>
<status status="PASS" start="2025-12-30T13:02:43.895121" elapsed="0.000000"/>
</kw>
<kw name="Wait Until Page Contains" owner="SeleniumLibrary">
<msg time="2025-12-30T13:02:48.966221" level="INFO" html="true">&lt;/td&gt;&lt;/tr&gt;&lt;tr&gt;&lt;td colspan="3"&gt;&lt;a href="selenium-screenshot-1.png"&gt;&lt;img src="selenium-screenshot-1.png" width="800px"&gt;&lt;/a&gt;</msg>
<msg time="2025-12-30T13:02:48.966221" level="FAIL">Text 'Please enter a valid phone number, e.g., 081-234-5678, 081 234 5678, or 081.234.5678)' did not appear in 5 seconds.</msg>
<arg>Please enter a valid phone number, e.g., 081-234-5678, 081 234 5678, or 081.234.5678)</arg>
<doc>Waits until ``text`` appears on the current page.</doc>
<status status="FAIL" start="2025-12-30T13:02:43.895121" elapsed="5.088879">Text 'Please enter a valid phone number, e.g., 081-234-5678, 081 234 5678, or 081.234.5678)' did not appear in 5 seconds.</status>
</kw>
<kw name="Close Browser" owner="SeleniumLibrary">
<doc>Closes the current browser.</doc>
<status status="NOT RUN" start="2025-12-30T13:02:48.984000" elapsed="0.000000"/>
</kw>
<status status="FAIL" start="2025-12-30T13:02:40.864831" elapsed="8.119169">Text 'Please enter a valid phone number, e.g., 081-234-5678, 081 234 5678, or 081.234.5678)' did not appear in 5 seconds.</status>
</test>
<status status="FAIL" start="2025-12-30T13:02:03.791740" elapsed="45.193271"/>
</suite>
<statistics>
<total>
<stat pass="7" fail="1" skip="0">All Tests</stat>
</total>
<tag>
</tag>
<suite>
<stat name="Test Lab4" id="s1" pass="7" fail="1" skip="0">Test Lab4</stat>
</suite>
</statistics>
<errors>
</errors>
</robot>
